<?xml version="1.0" encoding="UTF-8"?>
<!-- Generated by org.testng.reporters.JUnitReportReporter -->
<testsuite skipped="0" hostname="PLANET-PC" name="com.crm.qa.testcases.LoginPageTest" tests="2" failures="0" timestamp="29 Jun 2020 15:07:57 GMT" time="30.090" errors="0">
  <testcase name="loginPageTitleValidation" time="14.934" classname="com.crm.qa.testcases.LoginPageTest"/>
  <testcase name="loginPageTest" time="15.156" classname="com.crm.qa.testcases.LoginPageTest"/>
</testsuite> <!-- com.crm.qa.testcases.LoginPageTest -->
