<?xml version="1.0" encoding="UTF-8"?>
<!-- Generated by org.testng.reporters.JUnitReportReporter -->
<testsuite skipped="0" hostname="PLANET-PC" name="com.crm.qa.testcases.HomePageTest" tests="3" failures="0" timestamp="29 Jun 2020 15:07:57 GMT" time="46.890" errors="0">
  <testcase name="validateHomePageTitleTest" time="13.585" classname="com.crm.qa.testcases.HomePageTest"/>
  <testcase name="verifyUserNameTest" time="18.460" classname="com.crm.qa.testcases.HomePageTest"/>
  <testcase name="verifyContactsPageLinkTest" time="14.845" classname="com.crm.qa.testcases.HomePageTest"/>
</testsuite> <!-- com.crm.qa.testcases.HomePageTest -->
