<?xml version="1.0" encoding="UTF-8"?>
<!-- Generated by org.testng.reporters.JUnitReportReporter -->
<testsuite skipped="0" hostname="PLANET-PC" name="com.crm.qa.testcases.ContactsPageTest" tests="3" failures="0" timestamp="29 Jun 2020 15:07:57 GMT" time="187.711" errors="0">
  <testcase name="createNewContactTest" time="67.783" classname="com.crm.qa.testcases.ContactsPageTest"/>
  <testcase name="createNewContactTest" time="65.527" classname="com.crm.qa.testcases.ContactsPageTest"/>
  <testcase name="createNewContactTest" time="54.401" classname="com.crm.qa.testcases.ContactsPageTest"/>
</testsuite> <!-- com.crm.qa.testcases.ContactsPageTest -->
