<?xml version="1.0" encoding="UTF-8"?>
<!-- Generated by org.testng.reporters.JUnitReportReporter -->
<testsuite skipped="0" hostname="Manjushri-Personal" name="com.api.deserialisation.DesirialisationExample" tests="1" failures="0" timestamp="2022-01-31T21:05:54 IST" time="2.329" errors="0">
  <testcase name="deserialisationExample" time="2.329" classname="com.api.deserialisation.DesirialisationExample"/>
  <system-out/>
</testsuite> <!-- com.api.deserialisation.DesirialisationExample -->
