<?xml version="1.0" encoding="UTF-8"?>
<!-- Generated by org.testng.reporters.JUnitReportReporter -->
<testsuite skipped="0" hostname="Manjushri-Personal" name="ReqResSpecification.ReqResSpec" tests="1" failures="0" timestamp="2022-01-31T23:38:21 IST" time="4.260" errors="0">
  <testcase name="serialisationDemo" time="4.260" classname="ReqResSpecification.ReqResSpec"/>
  <system-out/>
</testsuite> <!-- ReqResSpecification.ReqResSpec -->
