<?xml version="1.0" encoding="UTF-8"?>
<!-- Generated by org.testng.reporters.JUnitReportReporter -->
<testsuite skipped="0" hostname="Manjushri-Personal" name="com.api.deserialisation.Serialisation" tests="1" failures="0" timestamp="2022-01-31T22:52:36 IST" time="5.760" errors="0">
  <testcase name="serialisationDemo" time="5.760" classname="com.api.deserialisation.Serialisation"/>
  <system-out/>
</testsuite> <!-- com.api.deserialisation.Serialisation -->
