<?xml version="1.0" encoding="UTF-8"?>
<!-- Generated by org.testng.reporters.JUnitReportReporter -->
<testsuite skipped="0" hostname="Manjushri-Personal" name="com.demo.test.LibraryAPI" tests="2" failures="0" timestamp="2022-01-22T12:48:10 IST" time="5.757" errors="0">
  <testcase name="addBookToLibrary" time="4.888" classname="com.demo.test.LibraryAPI"/>
  <system-out/>
  <testcase name="addBookToLibrary" time="0.869" classname="com.demo.test.LibraryAPI"/>
  <system-out/>
</testsuite> <!-- com.demo.test.LibraryAPI -->
