<?xml version="1.0" encoding="UTF-8"?>
<!-- Generated by org.testng.reporters.JUnitReportReporter -->
<testsuite skipped="0" hostname="Manjushri-Personal" name="com.api.jira.JiraTest" tests="1" failures="0" timestamp="2022-01-29T16:23:42 IST" time="4.005" errors="0">
  <testcase name="jiraApiTestingGetComment" time="4.005" classname="com.api.jira.JiraTest"/>
  <system-out/>
</testsuite> <!-- com.api.jira.JiraTest -->
