<?xml version="1.0" encoding="UTF-8"?>
<!-- Generated by org.testng.reporters.JUnitReportReporter -->
<testsuite skipped="1" hostname="Manjushri-Personal" name="com.demo.test.RestDemo" tests="2" failures="0" timestamp="2022-01-22T13:07:50 IST" time="16.774" errors="0">
  <testcase name="postRequestDemo" time="16.774" classname="com.demo.test.RestDemo"/>
  <system-out/>
  <testcase name="jsonExtraction" classname="com.demo.test.RestDemo">
    <skipped/>
  </testcase> <!-- jsonExtraction -->
  <system-out/>
</testsuite> <!-- com.demo.test.RestDemo -->
