<?xml version="1.0" encoding="UTF-8"?>
<!-- Generated by org.testng.reporters.JUnitReportReporter -->
<testsuite skipped="0" hostname="Manjushri-Personal" name="com.demo.test.LibraryAPI" tests="2" failures="0" timestamp="2022-01-27T23:31:11 IST" time="8.607" errors="0">
  <testcase name="addBookToLibrary" time="1.125" classname="com.demo.test.LibraryAPI"/>
  <system-out/>
  <testcase name="addBookToLibrary" time="7.482" classname="com.demo.test.LibraryAPI"/>
  <system-out/>
</testsuite> <!-- com.demo.test.LibraryAPI -->
