<?xml version="1.0" encoding="UTF-8"?>
<!-- Generated by org.testng.reporters.JUnitReportReporter -->
<testsuite skipped="0" hostname="Manjushri-Personal" name="com.qa.restassured.TC001_GET_Request" tests="2" failures="0" timestamp="2021-08-29T18:04:25 IST" time="8.079" errors="0">
  <testcase name="postRequest" time="2.755" classname="com.qa.restassured.TC001_GET_Request"/>
  <system-out/>
  <testcase name="getWeatherDetails" time="5.324" classname="com.qa.restassured.TC001_GET_Request"/>
  <system-out/>
</testsuite> <!-- com.qa.restassured.TC001_GET_Request -->
