<?xml version="1.0" encoding="UTF-8"?>
<!-- Generated by org.testng.reporters.JUnitReportReporter -->
<testsuite skipped="2" hostname="Manjushri-Personal" name="com.qa.restassured.PutPatchDeleteExamples" tests="3" failures="0" timestamp="2021-08-31T17:14:04 IST" time="6.311" errors="0">
  <testcase name="testDelete" time="6.311" classname="com.qa.restassured.PutPatchDeleteExamples"/>
  <system-out/>
  <testcase name="testPatch" classname="com.qa.restassured.PutPatchDeleteExamples">
    <skipped/>
  </testcase> <!-- testPatch -->
  <system-out/>
  <testcase name="testPut" classname="com.qa.restassured.PutPatchDeleteExamples">
    <skipped/>
  </testcase> <!-- testPut -->
  <system-out/>
</testsuite> <!-- com.qa.restassured.PutPatchDeleteExamples -->
