<?xml version="1.0" encoding="UTF-8"?>
<!-- Generated by org.testng.reporters.JUnitReportReporter -->
<testsuite skipped="0" hostname="Manjushri-Personal" name="com.qa.restassured.GetAndPostExamples" tests="2" failures="0" timestamp="2021-08-29T23:01:55 IST" time="8.376" errors="0">
  <testcase name="test_3" time="1.820" classname="com.qa.restassured.GetAndPostExamples"/>
  <system-out/>
  <testcase name="test_2" time="6.556" classname="com.qa.restassured.GetAndPostExamples"/>
  <system-out/>
</testsuite> <!-- com.qa.restassured.GetAndPostExamples -->
