<?xml version="1.0" encoding="UTF-8"?>
<!-- Generated by org.testng.reporters.JUnitReportReporter -->
<testsuite skipped="0" hostname="Manjushri-Personal" name="com.qa.restassured.TestsExamples" tests="2" failures="0" timestamp="2021-08-29T22:53:38 IST" time="4.434" errors="0">
  <testcase name="test_1" time="3.008" classname="com.qa.restassured.TestsExamples"/>
  <system-out/>
  <testcase name="test_2" time="1.426" classname="com.qa.restassured.TestsExamples"/>
  <system-out/>
</testsuite> <!-- com.qa.restassured.TestsExamples -->
