<?xml version="1.0" encoding="UTF-8"?>
<!-- Generated by org.testng.reporters.JUnitReportReporter -->
<testsuite skipped="0" hostname="Manjushri-Personal" name="com.qa.restassured.JsonSchemaValidation" tests="1" failures="0" timestamp="2021-08-31T17:16:14 IST" time="5.882" errors="0">
  <testcase name="test_2" time="5.882" classname="com.qa.restassured.JsonSchemaValidation"/>
  <system-out/>
</testsuite> <!-- com.qa.restassured.JsonSchemaValidation -->
