<?xml version="1.0" encoding="UTF-8"?>
<!-- Generated by org.testng.reporters.JUnitReportReporter -->
<testsuite skipped="0" hostname="Manjushri-Personal" name="Reports.extent_reports.ExtentReportDemo" tests="1" failures="0" timestamp="2022-01-28T04:28:10 IST" time="10.048" errors="0">
  <testcase name="initialDemo" time="10.048" classname="Reports.extent_reports.ExtentReportDemo"/>
  <system-out/>
</testsuite> <!-- Reports.extent_reports.ExtentReportDemo -->
